[19:59:08] [Client thread/INFO]: Setting user: Player324
[19:59:14] [Client thread/INFO]: LWJGL Version: 2.9.4
[19:59:18] [Client thread/INFO]: Reloading ResourceManager: Default, FMLFileResourcePack:Forge Mod Loader, FMLFileResourcePack:Minecraft Forge, FMLFileResourcePack:Minecraft Life RPG
[19:59:19] [Client thread/ERROR]: Couldn't initialize twitch stream
[19:59:19] [Sound Library Loader/INFO]: Starting up SoundSystem...
[19:59:19] [Thread-8/INFO]: Initializing LWJGL OpenAL
[19:59:19] [Thread-8/INFO]: (The LWJGL binding of OpenAL.  For more information, see http://www.lwjgl.org)
[19:59:19] [Thread-8/INFO]: OpenAL initialized.
[19:59:20] [Sound Library Loader/INFO]: Sound engine started
[19:59:24] [Client thread/INFO]: Created: 16x16 textures-atlas
[19:59:27] [Client thread/INFO]: Reloading ResourceManager: Default, FMLFileResourcePack:Forge Mod Loader, FMLFileResourcePack:Minecraft Forge, FMLFileResourcePack:Minecraft Life RPG
[19:59:27] [Client thread/INFO]: SoundSystem shutting down...
[19:59:27] [Client thread/WARN]: Author: Paul Lamb, www.paulscode.com
[19:59:27] [Sound Library Loader/INFO]: Starting up SoundSystem...
[19:59:27] [Thread-10/INFO]: Initializing LWJGL OpenAL
[19:59:27] [Thread-10/INFO]: (The LWJGL binding of OpenAL.  For more information, see http://www.lwjgl.org)
[19:59:27] [Thread-10/INFO]: OpenAL initialized.
[19:59:27] [Sound Library Loader/INFO]: Sound engine started
[19:59:30] [Client thread/INFO]: Created: 512x512 textures-atlas
[19:59:32] [Realms Notification Availability checker #1/INFO]: Could not authorize you against Realms server: Invalid session id
[19:59:48] [Realms Notification Availability checker #1/INFO]: Could not authorize you against Realms server: Invalid session id
[19:59:48] [Server thread/INFO]: Starting integrated minecraft server version 1.8.9
[19:59:48] [Server thread/INFO]: Generating keypair
[19:59:49] [Server thread/INFO]: Preparing start region for level 0
[19:59:50] [Server thread/INFO]: Preparing spawn area: 69%
[19:59:50] [Realms Notification Availability checker #1/INFO]: Could not authorize you against Realms server: Invalid session id
[19:59:51] [Server thread/INFO]: Changing view distance to 2, from 10
[19:59:51] [Server thread/INFO]: Player324[local:E:75d8089f] logged in with entity id 239 at (1197.0405321763624, 4.0, -508.7095986627701)
[19:59:51] [Server thread/INFO]: Player324 a rejoint la partie
[19:59:52] [pool-2-thread-1/WARN]: Couldn't look up profile properties for com.mojang.authlib.GameProfile@54ba25e3[id=942531dd-7690-3c0a-ad42-657bb212e7b6,name=Player324,properties={},legacy=false]
com.mojang.authlib.exceptions.AuthenticationException: The client has sent too many requests within a certain amount of time
	at com.mojang.authlib.yggdrasil.YggdrasilAuthenticationService.makeRequest(YggdrasilAuthenticationService.java:65) ~[YggdrasilAuthenticationService.class:?]
	at com.mojang.authlib.yggdrasil.YggdrasilMinecraftSessionService.fillGameProfile(YggdrasilMinecraftSessionService.java:175) [YggdrasilMinecraftSessionService.class:?]
	at com.mojang.authlib.yggdrasil.YggdrasilMinecraftSessionService$1.load(YggdrasilMinecraftSessionService.java:59) [YggdrasilMinecraftSessionService$1.class:?]
	at com.mojang.authlib.yggdrasil.YggdrasilMinecraftSessionService$1.load(YggdrasilMinecraftSessionService.java:56) [YggdrasilMinecraftSessionService$1.class:?]
	at com.google.common.cache.LocalCache$LoadingValueReference.loadFuture(LocalCache.java:3524) [guava-17.0.jar:?]
	at com.google.common.cache.LocalCache$Segment.loadSync(LocalCache.java:2317) [guava-17.0.jar:?]
	at com.google.common.cache.LocalCache$Segment.lockedGetOrLoad(LocalCache.java:2280) [guava-17.0.jar:?]
	at com.google.common.cache.LocalCache$Segment.get(LocalCache.java:2195) [guava-17.0.jar:?]
	at com.google.common.cache.LocalCache.get(LocalCache.java:3934) [guava-17.0.jar:?]
	at com.google.common.cache.LocalCache.getOrLoad(LocalCache.java:3938) [guava-17.0.jar:?]
	at com.google.common.cache.LocalCache$LocalLoadingCache.get(LocalCache.java:4821) [guava-17.0.jar:?]
	at com.google.common.cache.LocalCache$LocalLoadingCache.getUnchecked(LocalCache.java:4827) [guava-17.0.jar:?]
	at com.mojang.authlib.yggdrasil.YggdrasilMinecraftSessionService.fillProfileProperties(YggdrasilMinecraftSessionService.java:165) [YggdrasilMinecraftSessionService.class:?]
	at net.minecraft.client.Minecraft.getProfileProperties(Minecraft.java:2951) [Minecraft.class:?]
	at net.minecraft.client.resources.SkinManager$3.run(SkinManager.java:130) [SkinManager$3.class:?]
	at java.util.concurrent.Executors$RunnableAdapter.call(Executors.java:471) [?:1.7.0_95]
	at java.util.concurrent.FutureTask.run(FutureTask.java:262) [?:1.7.0_95]
	at java.util.concurrent.ThreadPoolExecutor.runWorker(ThreadPoolExecutor.java:1145) [?:1.7.0_95]
	at java.util.concurrent.ThreadPoolExecutor$Worker.run(ThreadPoolExecutor.java:615) [?:1.7.0_95]
	at java.lang.Thread.run(Thread.java:745) [?:1.7.0_95]
[19:59:54] [Server thread/WARN]: Can't keep up! Did the system time change, or is the server overloaded? Running 3241ms behind, skipping 64 tick(s)
[19:59:56] [Client thread/INFO]: [CHAT] Screenshot enregistré sous le nom 2016-02-12_19.59.56.png
[20:31:29] [Server thread/INFO]: Saving and pausing game...
[20:31:29] [Server thread/INFO]: Saving chunks for level 'Nouveau monde'/Overworld
[20:31:29] [Server thread/INFO]: Saving chunks for level 'Nouveau monde'/Nether
[20:31:29] [Server thread/INFO]: Saving chunks for level 'Nouveau monde'/The End
[20:31:34] [Server thread/INFO]: Saving and pausing game...
[20:31:34] [Server thread/INFO]: Saving chunks for level 'Nouveau monde'/Overworld
[20:31:34] [Server thread/INFO]: Saving chunks for level 'Nouveau monde'/Nether
[20:31:34] [Server thread/INFO]: Saving chunks for level 'Nouveau monde'/The End
